
Training the model!
You can interrupt it at any time.Training the model!
You can interrupt it at any time.
Minibatch     50  | loss  3.28 | err rate 68.75%
Minibatch    100  | loss  1.45 | err rate 25.00%
Minibatch    150  | loss  2.09 | err rate 62.50%
Minibatch    200  | loss  1.43 | err rate 37.50%
Minibatch    250  | loss  1.71 | err rate 50.00%
Minibatch    300  | loss  0.72 | err rate 18.75%
Minibatch    350  | loss  1.43 | err rate 43.75%
Minibatch    400  | loss  0.73 | err rate 18.75%
Minibatch    450  | loss  0.76 | err rate 18.75%
----------------------------------------------------------
After epoch  1 | valid err rate: 15.53% | doing  10 epochs
----------------------------------------------------------
Minibatch    500  | loss  0.98 | err rate 18.75%
Minibatch    550  | loss  0.56 | err rate 18.75%
Minibatch    600  | loss  0.64 | err rate 18.75%
Minibatch    650  | loss  0.68 | err rate 12.50%
Minibatch    700  | loss  1.30 | err rate 18.75%
Minibatch    750  | loss  0.73 | err rate 31.25%
Minibatch    800  | loss  1.25 | err rate 37.50%
Minibatch    850  | loss  0.54 | err rate 12.50%
Minibatch    900  | loss  0.50 | err rate  6.25%
----------------------------------------------------------
After epoch  2 | valid err rate: 14.27% | doing  10 epochs
----------------------------------------------------------
Minibatch    950  | loss  0.56 | err rate 25.00%
Minibatch   1000  | loss  0.51 | err rate 18.75%
Minibatch   1050  | loss  0.70 | err rate 12.50%
Minibatch   1100  | loss  0.65 | err rate 18.75%
Minibatch   1150  | loss  0.69 | err rate 18.75%
Minibatch   1200  | loss  0.26 | err rate  0.00%
Minibatch   1250  | loss  0.33 | err rate 12.50%
Minibatch   1300  | loss  0.74 | err rate 18.75%
Minibatch   1350  | loss  0.11 | err rate  0.00%
----------------------------------------------------------
After epoch  3 | valid err rate: 12.52% | doing  10 epochs
----------------------------------------------------------
Minibatch   1400  | loss  0.23 | err rate  6.25%
Minibatch   1450  | loss  0.15 | err rate  6.25%
Minibatch   1500  | loss  0.66 | err rate 12.50%
Minibatch   1550  | loss  0.88 | err rate  6.25%
Minibatch   1600  | loss  0.56 | err rate 18.75%
Minibatch   1650  | loss  0.72 | err rate 12.50%
Minibatch   1700  | loss  0.21 | err rate 12.50%
Minibatch   1750  | loss  0.41 | err rate  6.25%
Minibatch   1800  | loss  0.39 | err rate  6.25%
----------------------------------------------------------
After epoch  4 | valid err rate: 12.79% | doing  10 epochs
----------------------------------------------------------
Minibatch   1850  | loss  0.76 | err rate  6.25%
Minibatch   1900  | loss  0.18 | err rate  0.00%
Minibatch   1950  | loss  0.79 | err rate 37.50%
Minibatch   2000  | loss  0.45 | err rate 31.25%
Minibatch   2050  | loss  0.27 | err rate  6.25%
Minibatch   2100  | loss  0.54 | err rate 18.75%
Minibatch   2150  | loss  0.43 | err rate 12.50%
Minibatch   2200  | loss  0.07 | err rate  0.00%
Minibatch   2250  | loss  0.59 | err rate 18.75%
----------------------------------------------------------
After epoch  5 | valid err rate: 12.19% | doing  10 epochs
----------------------------------------------------------
Minibatch   2300  | loss  0.38 | err rate 12.50%
Minibatch   2350  | loss  0.48 | err rate 12.50%
Minibatch   2400  | loss  0.50 | err rate  6.25%
Minibatch   2450  | loss  0.22 | err rate 12.50%
Minibatch   2500  | loss  0.33 | err rate 12.50%
Minibatch   2550  | loss  0.16 | err rate  0.00%
Minibatch   2600  | loss  0.53 | err rate 12.50%
Minibatch   2650  | loss  0.46 | err rate 18.75%
Minibatch   2700  | loss  0.61 | err rate 25.00%
----------------------------------------------------------
After epoch  6 | valid err rate: 12.36% | doing  10 epochs
----------------------------------------------------------
Minibatch   2750  | loss  0.17 | err rate  0.00%
Minibatch   2800  | loss  0.33 | err rate 18.75%
Minibatch   2850  | loss  0.53 | err rate 12.50%
Minibatch   2900  | loss  0.89 | err rate 18.75%
Minibatch   2950  | loss  0.51 | err rate 18.75%
Minibatch   3000  | loss  0.55 | err rate 18.75%
Minibatch   3050  | loss  0.51 | err rate 12.50%
Minibatch   3100  | loss  1.27 | err rate 18.75%
Minibatch   3150  | loss  1.02 | err rate 31.25%
Minibatch   3200  | loss  0.55 | err rate 12.50%
----------------------------------------------------------
After epoch  7 | valid err rate: 12.58% | doing  10 epochs
----------------------------------------------------------
Minibatch   3250  | loss  0.03 | err rate  0.00%
Minibatch   3300  | loss  0.57 | err rate 25.00%
Minibatch   3350  | loss  0.72 | err rate 31.25%
Minibatch   3400  | loss  0.31 | err rate 12.50%
Minibatch   3450  | loss  0.21 | err rate  6.25%
Minibatch   3500  | loss  0.42 | err rate 18.75%
Minibatch   3550  | loss  1.23 | err rate 37.50%
Minibatch   3600  | loss  0.49 | err rate 18.75%
Minibatch   3650  | loss  1.20 | err rate 25.00%
----------------------------------------------------------
After epoch  8 | valid err rate: 12.36% | doing  10 epochs
----------------------------------------------------------
Minibatch   3700  | loss  0.27 | err rate 12.50%
Minibatch   3750  | loss  0.73 | err rate 12.50%
Minibatch   3800  | loss  0.03 | err rate  0.00%
Minibatch   3850  | loss  0.17 | err rate  6.25%
Minibatch   3900  | loss  0.44 | err rate  6.25%
Minibatch   3950  | loss  0.29 | err rate  6.25%
Minibatch   4000  | loss  0.80 | err rate 18.75%
Minibatch   4050  | loss  0.08 | err rate  0.00%
Minibatch   4100  | loss  0.22 | err rate  6.25%
----------------------------------------------------------
After epoch  9 | valid err rate: 13.34% | doing  10 epochs
----------------------------------------------------------
Minibatch   4150  | loss  0.50 | err rate 12.50%
Minibatch   4200  | loss  0.28 | err rate 12.50%
Minibatch   4250  | loss  0.22 | err rate  6.25%
Minibatch   4300  | loss  0.59 | err rate 18.75%
Minibatch   4350  | loss  0.46 | err rate  6.25%
Minibatch   4400  | loss  0.15 | err rate  0.00%
Minibatch   4450  | loss  0.07 | err rate  0.00%
Minibatch   4500  | loss  1.08 | err rate 18.75%
Minibatch   4550  | loss  1.63 | err rate 43.75%
----------------------------------------------------------
After epoch 10 | valid err rate: 12.63% | doing  10 epochs
----------------------------------------------------------
Training the model!
You can interrupt it at any time.
Minibatch     50  | loss  3.28 | err rate 68.75%
Training the model!
You can interrupt it at any time.
Minibatch     50  | loss  2.16 | err rate 37.50%
Minibatch    100  | loss  1.55 | err rate 50.00%
Minibatch    150  | loss  1.97 | err rate 43.75%
Minibatch    200  | loss  0.97 | err rate 31.25%
Minibatch    250  | loss  0.73 | err rate 12.50%
Minibatch    300  | loss  1.25 | err rate 50.00%
Minibatch    350  | loss  1.36 | err rate 37.50%
Minibatch    400  | loss  0.59 | err rate 12.50%
Minibatch    450  | loss  1.39 | err rate 25.00%
----------------------------------------------------------
After epoch  1 | valid err rate: 12.79% | doing  10 epochs
----------------------------------------------------------
Minibatch    500  | loss  0.54 | err rate  6.25%
Minibatch    550  | loss  0.58 | err rate 18.75%
Minibatch    600  | loss  0.73 | err rate 18.75%
Minibatch    650  | loss  1.00 | err rate 18.75%
Minibatch    700  | loss  0.68 | err rate 25.00%
Minibatch    750  | loss  0.76 | err rate 12.50%
Minibatch    800  | loss  0.28 | err rate  6.25%
Minibatch    850  | loss  0.23 | err rate  6.25%
Minibatch    900  | loss  0.37 | err rate 12.50%
----------------------------------------------------------
After epoch  2 | valid err rate: 13.07% | doing  10 epochs
----------------------------------------------------------
Minibatch    950  | loss  0.15 | err rate  6.25%
Minibatch   1000  | loss  0.84 | err rate 12.50%
Minibatch   1050  | loss  0.61 | err rate  6.25%
Minibatch   1100  | loss  1.05 | err rate 43.75%
Minibatch   1150  | loss  0.36 | err rate 12.50%
Minibatch   1200  | loss  0.58 | err rate 18.75%
Minibatch   1250  | loss  0.70 | err rate 18.75%
Minibatch   1300  | loss  0.27 | err rate  6.25%
Minibatch   1350  | loss  0.94 | err rate 12.50%
----------------------------------------------------------
After epoch  3 | valid err rate: 12.14% | doing  10 epochs
----------------------------------------------------------
Minibatch   1400  | loss  0.65 | err rate 18.75%
Minibatch   1450  | loss  0.56 | err rate 18.75%
Minibatch   1500  | loss  0.45 | err rate 12.50%
Minibatch   1550  | loss  0.19 | err rate  6.25%
Minibatch   1600  | loss  0.50 | err rate 25.00%
Minibatch   1650  | loss  0.27 | err rate  6.25%
Minibatch   1700  | loss  0.89 | err rate 18.75%
Minibatch   1750  | loss  0.36 | err rate 12.50%
Minibatch   1800  | loss  0.53 | err rate 25.00%
----------------------------------------------------------
After epoch  4 | valid err rate: 11.92% | doing  10 epochs
----------------------------------------------------------
Minibatch   1850  | loss  0.27 | err rate 12.50%
Minibatch   1900  | loss  0.18 | err rate  6.25%
Minibatch   1950  | loss  0.76 | err rate 25.00%
Minibatch   2000  | loss  0.48 | err rate 12.50%
Minibatch   2050  | loss  0.28 | err rate 12.50%
Minibatch   2100  | loss  0.33 | err rate  6.25%
Minibatch   2150  | loss  0.27 | err rate  6.25%
Minibatch   2200  | loss  0.50 | err rate 18.75%
Minibatch   2250  | loss  0.87 | err rate 18.75%
----------------------------------------------------------
After epoch  5 | valid err rate: 11.21% | doing  10 epochs
----------------------------------------------------------
Minibatch   2300  | loss  0.37 | err rate 12.50%
Minibatch   2350  | loss  0.27 | err rate  6.25%
Minibatch   2400  | loss  0.39 | err rate 12.50%
Minibatch   2450  | loss  0.06 | err rate  0.00%
Minibatch   2500  | loss  0.55 | err rate 12.50%
Minibatch   2550  | loss  0.53 | err rate 18.75%
Minibatch   2600  | loss  0.10 | err rate  0.00%
Minibatch   2650  | loss  0.25 | err rate 12.50%
Minibatch   2700  | loss  0.59 | err rate 18.75%
----------------------------------------------------------
After epoch  6 | valid err rate: 12.14% | doing  10 epochs
----------------------------------------------------------
Minibatch   2750  | loss  0.79 | err rate 18.75%
Minibatch   2800  | loss  0.87 | err rate 18.75%
Minibatch   2850  | loss  0.41 | err rate  6.25%
Minibatch   2900  | loss  0.44 | err rate 18.75%
Minibatch   2950  | loss  0.30 | err rate 12.50%
Minibatch   3000  | loss  0.41 | err rate  6.25%
Minibatch   3050  | loss  0.38 | err rate 18.75%
Minibatch   3100  | loss  0.70 | err rate 18.75%
Minibatch   3150  | loss  0.42 | err rate 12.50%
Minibatch   3200  | loss  0.43 | err rate  6.25%
----------------------------------------------------------
After epoch  7 | valid err rate: 11.70% | doing  10 epochs
----------------------------------------------------------
Minibatch   3250  | loss  0.30 | err rate 12.50%
Minibatch   3300  | loss  0.03 | err rate  0.00%
Minibatch   3350  | loss  0.51 | err rate 18.75%
Minibatch   3400  | loss  0.07 | err rate  0.00%
Minibatch   3450  | loss  0.50 | err rate 12.50%
Minibatch   3500  | loss  0.23 | err rate  6.25%
Minibatch   3550  | loss  0.09 | err rate  6.25%
Minibatch   3600  | loss  0.16 | err rate  6.25%
Minibatch   3650  | loss  0.33 | err rate  6.25%
----------------------------------------------------------
After epoch  8 | valid err rate: 12.14% | doing  10 epochs
----------------------------------------------------------
Minibatch   3700  | loss  0.47 | err rate 18.75%
Minibatch   3750  | loss  0.15 | err rate  0.00%
Minibatch   3800  | loss  0.37 | err rate 12.50%
Minibatch   3850  | loss  0.26 | err rate  6.25%
Minibatch   3900  | loss  0.04 | err rate  0.00%
Minibatch   3950  | loss  0.57 | err rate 12.50%
Minibatch   4000  | loss  0.83 | err rate 25.00%
Minibatch   4050  | loss  0.77 | err rate 12.50%
Minibatch   4100  | loss  0.99 | err rate 31.25%
----------------------------------------------------------
After epoch  9 | valid err rate: 10.83% | doing  10 epochs
----------------------------------------------------------
Minibatch   4150  | loss  0.55 | err rate 12.50%
Minibatch   4200  | loss  0.35 | err rate  6.25%
Minibatch   4250  | loss  0.32 | err rate  6.25%
Minibatch   4300  | loss  0.55 | err rate 12.50%
Minibatch   4350  | loss  0.43 | err rate 18.75%
Minibatch   4400  | loss  0.84 | err rate 25.00%
Minibatch   4450  | loss  0.21 | err rate 12.50%
Minibatch   4500  | loss  0.22 | err rate 12.50%
Minibatch   4550  | loss  0.97 | err rate 18.75%
----------------------------------------------------------
After epoch 10 | valid err rate: 12.03% | doing  10 epochs
----------------------------------------------------------
