
Training the model!
You can interrupt it at any time.
Training the model!
You can interrupt it at any time.
Minibatch     50  | loss  2.32 | err rate 50.00%
Minibatch    100  | loss  0.63 | err rate 18.75%
Minibatch    150  | loss  0.66 | err rate 12.50%
Minibatch    200  | loss  0.42 | err rate  6.25%
Minibatch    250  | loss  0.10 | err rate  0.00%
Minibatch    300  | loss  0.24 | err rate  0.00%
Minibatch    350  | loss  0.52 | err rate 12.50%
Minibatch    400  | loss  0.64 | err rate 12.50%
Minibatch    450  | loss  0.19 | err rate  6.25%
----------------------------------------------------------
After epoch  1 | valid err rate: 11.76% | doing  10 epochs
----------------------------------------------------------
Minibatch    500  | loss  0.02 | err rate  0.00%
Minibatch    550  | loss  0.03 | err rate  0.00%
Minibatch    600  | loss  0.01 | err rate  0.00%
Minibatch    650  | loss  0.00 | err rate  0.00%
Minibatch    700  | loss  0.02 | err rate  0.00%
Minibatch    750  | loss  0.01 | err rate  0.00%
Minibatch    800  | loss  0.03 | err rate  0.00%
Minibatch    850  | loss  0.21 | err rate 12.50%
Minibatch    900  | loss  0.00 | err rate  0.00%
----------------------------------------------------------
After epoch  2 | valid err rate: 11.70% | doing  10 epochs
----------------------------------------------------------
Minibatch    950  | loss  0.01 | err rate  0.00%
Minibatch   1000  | loss  0.00 | err rate  0.00%
Minibatch   1050  | loss  0.14 | err rate  6.25%
Minibatch   1100  | loss  0.09 | err rate  6.25%
Minibatch   1150  | loss  0.03 | err rate  0.00%
Minibatch   1200  | loss  0.03 | err rate  0.00%
Minibatch   1250  | loss  0.11 | err rate  6.25%
Minibatch   1300  | loss  0.01 | err rate  0.00%
Minibatch   1350  | loss  0.03 | err rate  0.00%
----------------------------------------------------------
After epoch  3 | valid err rate: 11.76% | doing  10 epochs
----------------------------------------------------------
Minibatch   1400  | loss  0.01 | err rate  0.00%
Minibatch   1450  | loss  0.05 | err rate  0.00%
Minibatch   1500  | loss  0.04 | err rate  0.00%
Minibatch   1550  | loss  0.08 | err rate  6.25%
Minibatch   1600  | loss  0.00 | err rate  0.00%
Minibatch   1650  | loss  0.00 | err rate  0.00%
Minibatch   1700  | loss  0.00 | err rate  0.00%
Minibatch   1750  | loss  0.03 | err rate  0.00%
Minibatch   1800  | loss  0.08 | err rate  6.25%
----------------------------------------------------------
After epoch  4 | valid err rate: 11.54% | doing  10 epochs
----------------------------------------------------------
Minibatch   1850  | loss  0.00 | err rate  0.00%
Minibatch   1900  | loss  0.01 | err rate  0.00%
Minibatch   1950  | loss  0.00 | err rate  0.00%
Minibatch   2000  | loss  0.02 | err rate  0.00%
Minibatch   2050  | loss  0.01 | err rate  0.00%
Minibatch   2100  | loss  0.00 | err rate  0.00%
Minibatch   2150  | loss  0.04 | err rate  0.00%
Minibatch   2200  | loss  0.06 | err rate  6.25%
Minibatch   2250  | loss  0.05 | err rate  0.00%
----------------------------------------------------------
After epoch  5 | valid err rate: 11.26% | doing  10 epochs
----------------------------------------------------------
Minibatch   2300  | loss  0.00 | err rate  0.00%
Minibatch   2350  | loss  0.01 | err rate  0.00%
Minibatch   2400  | loss  0.01 | err rate  0.00%
Minibatch   2450  | loss  0.00 | err rate  0.00%
Minibatch   2500  | loss  0.00 | err rate  0.00%
Minibatch   2550  | loss  0.24 | err rate  6.25%
Minibatch   2600  | loss  0.00 | err rate  0.00%
Minibatch   2650  | loss  0.00 | err rate  0.00%
Minibatch   2700  | loss  0.01 | err rate  0.00%
----------------------------------------------------------
After epoch  6 | valid err rate: 11.59% | doing  10 epochs
----------------------------------------------------------
Minibatch   2750  | loss  0.00 | err rate  0.00%
Minibatch   2800  | loss  0.00 | err rate  0.00%
Minibatch   2850  | loss  0.08 | err rate  0.00%
Minibatch   2900  | loss  0.04 | err rate  0.00%
Minibatch   2950  | loss  0.00 | err rate  0.00%
Minibatch   3000  | loss  0.01 | err rate  0.00%
Minibatch   3050  | loss  0.00 | err rate  0.00%
Minibatch   3100  | loss  0.00 | err rate  0.00%
Minibatch   3150  | loss  0.02 | err rate  0.00%
Minibatch   3200  | loss  0.02 | err rate  0.00%
----------------------------------------------------------
After epoch  7 | valid err rate: 11.32% | doing  10 epochs
----------------------------------------------------------
Minibatch   3250  | loss  0.00 | err rate  0.00%
Minibatch   3300  | loss  0.00 | err rate  0.00%
Minibatch   3350  | loss  0.00 | err rate  0.00%
Minibatch   3400  | loss  0.00 | err rate  0.00%
Minibatch   3450  | loss  0.01 | err rate  0.00%
Minibatch   3500  | loss  0.00 | err rate  0.00%
Minibatch   3550  | loss  0.01 | err rate  0.00%
Minibatch   3600  | loss  0.00 | err rate  0.00%
Minibatch   3650  | loss  0.05 | err rate  6.25%
----------------------------------------------------------
After epoch  8 | valid err rate: 11.65% | doing  10 epochs
----------------------------------------------------------
Minibatch   3700  | loss  0.13 | err rate  6.25%
Minibatch   3750  | loss  0.00 | err rate  0.00%
Minibatch   3800  | loss  0.00 | err rate  0.00%
Minibatch   3850  | loss  0.00 | err rate  0.00%
Minibatch   3900  | loss  0.00 | err rate  0.00%
Minibatch   3950  | loss  0.03 | err rate  0.00%
Minibatch   4000  | loss  0.00 | err rate  0.00%
Minibatch   4050  | loss  0.01 | err rate  0.00%
Minibatch   4100  | loss  0.00 | err rate  0.00%
----------------------------------------------------------
After epoch  9 | valid err rate: 11.43% | doing  10 epochs
----------------------------------------------------------
Minibatch   4150  | loss  0.02 | err rate  0.00%
Minibatch   4200  | loss  0.01 | err rate  0.00%
Minibatch   4250  | loss  0.01 | err rate  0.00%
Minibatch   4300  | loss  0.00 | err rate  0.00%
Minibatch   4350  | loss  0.01 | err rate  0.00%
Minibatch   4400  | loss  0.02 | err rate  0.00%
Minibatch   4450  | loss  0.00 | err rate  0.00%
Minibatch   4500  | loss  0.00 | err rate  0.00%
Minibatch   4550  | loss  0.00 | err rate  0.00%
----------------------------------------------------------
After epoch 10 | valid err rate: 11.32% | doing  10 epochs
----------------------------------------------------------
